<?xml version="1.0" encoding="UTF-8"?>
<testng-results ignored="0" total="1" passed="1" failed="0" skipped="0">
  <reporter-output>
  </reporter-output>
  <suite started-at="2022-08-24T22:17:42 EDT" name="Default suite" finished-at="2022-08-24T22:18:26 EDT" duration-ms="43978">
    <groups>
    </groups>
    <test started-at="2022-08-24T22:17:42 EDT" name="Default test" finished-at="2022-08-24T22:18:26 EDT" duration-ms="43978">
      <class name="TestLayer.Cart_test">
        <test-method is-config="true" signature="initsetup()[pri:0, instance:TestLayer.Cart_test@6da21078]" started-at="2022-08-24T22:17:42 EDT" name="initsetup" finished-at="2022-08-24T22:17:45 EDT" duration-ms="2473" status="PASS">
          <reporter-output>
          </reporter-output>
        </test-method> <!-- initsetup -->
        <test-method signature="search()[pri:0, instance:TestLayer.Cart_test@6da21078]" started-at="2022-08-24T22:17:45 EDT" name="search" finished-at="2022-08-24T22:18:26 EDT" duration-ms="41093" status="PASS">
          <reporter-output>
          </reporter-output>
        </test-method> <!-- search -->
        <test-method is-config="true" signature="close()[pri:0, instance:TestLayer.Cart_test@6da21078]" started-at="2022-08-24T22:18:26 EDT" name="close" finished-at="2022-08-24T22:18:26 EDT" duration-ms="343" status="PASS">
          <reporter-output>
          </reporter-output>
        </test-method> <!-- close -->
      </class> <!-- TestLayer.Cart_test -->
    </test> <!-- Default test -->
  </suite> <!-- Default suite -->
</testng-results>
